
> academic-saas-frontend@0.1.0 dev
> next dev --turbopack

   ▲ Next.js 15.4.1 (Turbopack)
   - Local:        http://localhost:3000
   - Network:      http://172.24.136.90:3000
   - Environments: .env.local

 ✓ Starting...
 ○ Compiling middleware ...
 ✓ Compiled middleware in 538ms
 ✓ Ready in 2.4s
 ○ Compiling / ...
 ✓ Compiled / in 9.2s
 GET / 200 in 9898ms
 ○ Compiling /favicon.ico ...
 GET /favicon.ico?favicon.45db1c09.ico 200 in 1295ms
 ✓ Compiled /favicon.ico in 1301ms
 GET /api/auth/session 200 in 2407ms
 ○ Compiling /auth/login ...
 ✓ Compiled /auth/login in 2.5s
 GET /auth/login 200 in 3230ms
 GET /api/auth/session 200 in 394ms
 GET /api/auth/providers 200 in 132ms
 GET /api/auth/csrf 200 in 92ms
 POST /api/auth/callback/credentials 200 in 740ms
 GET /api/auth/session 200 in 93ms
 ○ Compiling /dashboard ...
 ✓ Compiled /dashboard in 2.4s
 GET /dashboard 200 in 2515ms
 GET /api/auth/csrf 200 in 160ms
 POST /api/auth/session 200 in 80ms
 GET /dashboard 200 in 542ms
 GET /favicon.ico?favicon.45db1c09.ico 200 in 564ms
 GET /api/auth/session 200 in 358ms
 GET /api/auth/csrf 200 in 159ms
 POST /api/auth/session 200 in 140ms
 GET /api/auth/session 200 in 291ms
 GET /api/auth/csrf 200 in 262ms
 POST /api/auth/session 200 in 124ms
 GET /api/auth/session 200 in 311ms
 GET /api/auth/csrf 200 in 295ms
 POST /api/auth/session 200 in 105ms
 GET /api/auth/session 200 in 425ms
 GET /api/auth/csrf 200 in 431ms
 POST /api/auth/session 200 in 102ms
 GET /api/auth/session 200 in 268ms
 GET /api/auth/csrf 200 in 267ms
 POST /api/auth/session 200 in 107ms
[?25h
